<?xml version="1.0" encoding="UTF-8"?>
<coverage generated="1651230406080" clover="3.2.0">
  <project timestamp="1651230406080" name="All files">
    <metrics statements="134" coveredstatements="134" conditionals="47" coveredconditionals="42" methods="46" coveredmethods="46" elements="227" coveredelements="222" complexity="0" loc="134" ncloc="134" packages="1" files="2" classes="2"/>
    <file name="PTask.ts" path="D:\Projects\priority-task\lib\PTask.ts">
      <metrics statements="53" coveredstatements="53" conditionals="19" coveredconditionals="17" methods="16" coveredmethods="16"/>
      <line num="1" count="1" type="stmt"/>
      <line num="26" count="1" type="stmt"/>
      <line num="27" count="1" type="stmt"/>
      <line num="29" count="31" type="stmt"/>
      <line num="49" count="31" type="stmt"/>
      <line num="51" count="31" type="stmt"/>
      <line num="53" count="31" type="stmt"/>
      <line num="55" count="31" type="stmt"/>
      <line num="56" count="25" type="stmt"/>
      <line num="57" count="47" type="stmt"/>
      <line num="61" count="31" type="stmt"/>
      <line num="62" count="31" type="cond" truecount="2" falsecount="0"/>
      <line num="63" count="31" type="stmt"/>
      <line num="64" count="31" type="stmt"/>
      <line num="65" count="31" type="cond" truecount="2" falsecount="0"/>
      <line num="66" count="31" type="cond" truecount="2" falsecount="0"/>
      <line num="67" count="31" type="cond" truecount="2" falsecount="0"/>
      <line num="68" count="31" type="cond" truecount="2" falsecount="0"/>
      <line num="69" count="31" type="cond" truecount="2" falsecount="0"/>
      <line num="73" count="29" type="stmt"/>
      <line num="74" count="16" type="stmt"/>
      <line num="78" count="10" type="cond" truecount="1" falsecount="0"/>
      <line num="80" count="8" type="stmt"/>
      <line num="81" count="8" type="stmt"/>
      <line num="82" count="7" type="stmt"/>
      <line num="83" count="7" type="stmt"/>
      <line num="87" count="1" type="cond" truecount="0" falsecount="1"/>
      <line num="89" count="1" type="stmt"/>
      <line num="90" count="1" type="stmt"/>
      <line num="91" count="1" type="stmt"/>
      <line num="95" count="9" type="cond" truecount="0" falsecount="1"/>
      <line num="97" count="9" type="stmt"/>
      <line num="98" count="9" type="stmt"/>
      <line num="99" count="9" type="stmt"/>
      <line num="101" count="9" type="cond" truecount="2" falsecount="0"/>
      <line num="102" count="7" type="stmt"/>
      <line num="103" count="7" type="stmt"/>
      <line num="105" count="5" type="stmt"/>
      <line num="106" count="5" type="stmt"/>
      <line num="108" count="1" type="stmt"/>
      <line num="109" count="1" type="stmt"/>
      <line num="113" count="2" type="stmt"/>
      <line num="114" count="2" type="stmt"/>
      <line num="116" count="1" type="stmt"/>
      <line num="117" count="1" type="stmt"/>
      <line num="121" count="8" type="cond" truecount="1" falsecount="0"/>
      <line num="122" count="8" type="stmt"/>
      <line num="126" count="2" type="stmt"/>
      <line num="127" count="2" type="stmt"/>
      <line num="131" count="84" type="stmt"/>
      <line num="135" count="90" type="stmt"/>
      <line num="139" count="27" type="stmt"/>
      <line num="143" count="19" type="stmt"/>
    </file>
    <file name="ProcessingPriorityQueue.ts" path="D:\Projects\priority-task\lib\ProcessingPriorityQueue.ts">
      <metrics statements="81" coveredstatements="81" conditionals="28" coveredconditionals="25" methods="30" coveredmethods="30"/>
      <line num="1" count="2" type="stmt"/>
      <line num="3" count="2" type="stmt"/>
      <line num="8" count="2" type="stmt"/>
      <line num="12" count="2" type="stmt"/>
      <line num="24" count="3" type="stmt"/>
      <line num="26" count="3" type="stmt"/>
      <line num="28" count="3" type="cond" truecount="0" falsecount="1"/>
      <line num="29" count="3" type="stmt"/>
      <line num="31" count="3" type="stmt"/>
      <line num="33" count="21" type="cond" truecount="2" falsecount="0"/>
      <line num="37" count="21" type="cond" truecount="2" falsecount="0"/>
      <line num="41" count="21" type="stmt"/>
      <line num="46" count="29" type="stmt"/>
      <line num="48" count="29" type="cond" truecount="1" falsecount="0"/>
      <line num="49" count="27" type="stmt"/>
      <line num="50" count="27" type="stmt"/>
      <line num="51" count="27" type="stmt"/>
      <line num="54" count="29" type="stmt"/>
      <line num="55" count="29" type="stmt"/>
      <line num="56" count="29" type="stmt"/>
      <line num="59" count="29" type="stmt"/>
      <line num="63" count="29" type="stmt"/>
      <line num="69" count="29" type="cond" truecount="1" falsecount="0"/>
      <line num="71" count="2" type="stmt"/>
      <line num="73" count="2" type="stmt"/>
      <line num="77" count="2" type="stmt"/>
      <line num="78" count="2" type="stmt"/>
      <line num="82" count="19" type="stmt"/>
      <line num="83" count="19" type="stmt"/>
      <line num="85" count="19" type="stmt"/>
      <line num="89" count="2" type="stmt"/>
      <line num="90" count="5" type="stmt"/>
      <line num="91" count="2" type="stmt"/>
      <line num="92" count="2" type="cond" truecount="1" falsecount="0"/>
      <line num="96" count="9" type="stmt"/>
      <line num="97" count="9" type="cond" truecount="1" falsecount="0"/>
      <line num="99" count="3" type="stmt"/>
      <line num="100" count="3" type="stmt"/>
      <line num="101" count="3" type="stmt"/>
      <line num="106" count="5" type="stmt"/>
      <line num="107" count="5" type="cond" truecount="1" falsecount="0"/>
      <line num="110" count="10" type="stmt"/>
      <line num="111" count="2" type="cond" truecount="1" falsecount="0"/>
      <line num="113" count="1" type="stmt"/>
      <line num="117" count="1" type="stmt"/>
      <line num="118" count="1" type="stmt"/>
      <line num="120" count="1" type="stmt"/>
      <line num="124" count="3" type="stmt"/>
      <line num="125" count="3" type="stmt"/>
      <line num="126" count="3" type="stmt"/>
      <line num="129" count="2" type="stmt"/>
      <line num="137" count="8" type="stmt"/>
      <line num="138" count="2" type="stmt"/>
      <line num="141" count="8" type="cond" truecount="1" falsecount="0"/>
      <line num="142" count="1" type="stmt"/>
      <line num="143" count="1" type="stmt"/>
      <line num="149" count="7" type="stmt"/>
      <line num="150" count="11" type="stmt"/>
      <line num="153" count="7" type="cond" truecount="1" falsecount="0"/>
      <line num="154" count="6" type="stmt"/>
      <line num="155" count="6" type="stmt"/>
      <line num="158" count="1" type="stmt"/>
      <line num="163" count="5" type="stmt"/>
      <line num="166" count="1" type="cond" truecount="0" falsecount="1"/>
      <line num="169" count="5" type="stmt"/>
      <line num="172" count="1" type="stmt"/>
      <line num="175" count="1" type="stmt"/>
      <line num="179" count="48" type="cond" truecount="3" falsecount="0"/>
      <line num="180" count="19" type="stmt"/>
      <line num="182" count="19" type="stmt"/>
      <line num="183" count="19" type="stmt"/>
      <line num="185" count="19" type="stmt"/>
      <line num="188" count="17" type="cond" truecount="4" falsecount="0"/>
      <line num="191" count="1" type="cond" truecount="3" falsecount="1"/>
      <line num="195" count="18" type="stmt"/>
      <line num="196" count="16" type="stmt"/>
      <line num="199" count="18" type="stmt"/>
      <line num="200" count="18" type="stmt"/>
      <line num="206" count="58" type="cond" truecount="1" falsecount="0"/>
      <line num="207" count="3" type="stmt"/>
      <line num="210" count="58" type="stmt"/>
    </file>
  </project>
</coverage>
