<?xml version="1.0" encoding="UTF-8"?>
<coverage generated="1651142360079" clover="3.2.0">
  <project timestamp="1651142360079" name="All files">
    <metrics statements="135" coveredstatements="127" conditionals="42" coveredconditionals="36" methods="50" coveredmethods="47" elements="227" coveredelements="210" complexity="0" loc="135" ncloc="135" packages="1" files="4" classes="4"/>
    <file name="PTask.ts" path="D:\Projects\PriorityTaskJS\lib\PTask.ts">
      <metrics statements="30" coveredstatements="29" conditionals="10" coveredconditionals="10" methods="11" coveredmethods="10"/>
      <line num="1" count="1" type="stmt"/>
      <line num="25" count="1" type="stmt"/>
      <line num="26" count="1" type="stmt"/>
      <line num="28" count="17" type="stmt"/>
      <line num="36" count="17" type="stmt"/>
      <line num="48" count="17" type="stmt"/>
      <line num="50" count="17" type="stmt"/>
      <line num="52" count="17" type="stmt"/>
      <line num="53" count="9" type="stmt"/>
      <line num="54" count="0" type="stmt"/>
      <line num="58" count="17" type="stmt"/>
      <line num="59" count="17" type="cond" truecount="2" falsecount="0"/>
      <line num="60" count="17" type="stmt"/>
      <line num="61" count="17" type="stmt"/>
      <line num="62" count="17" type="cond" truecount="2" falsecount="0"/>
      <line num="63" count="17" type="cond" truecount="2" falsecount="0"/>
      <line num="64" count="17" type="cond" truecount="2" falsecount="0"/>
      <line num="65" count="17" type="cond" truecount="2" falsecount="0"/>
      <line num="69" count="18" type="stmt"/>
      <line num="70" count="10" type="stmt"/>
      <line num="74" count="6" type="stmt"/>
      <line num="75" count="6" type="stmt"/>
      <line num="76" count="6" type="stmt"/>
      <line num="77" count="6" type="stmt"/>
      <line num="81" count="1" type="stmt"/>
      <line num="82" count="1" type="stmt"/>
      <line num="83" count="1" type="stmt"/>
      <line num="87" count="3" type="stmt"/>
      <line num="88" count="3" type="stmt"/>
      <line num="89" count="3" type="stmt"/>
    </file>
    <file name="ProcessingPriorityQueue.ts" path="D:\Projects\PriorityTaskJS\lib\ProcessingPriorityQueue.ts">
      <metrics statements="80" coveredstatements="73" conditionals="21" coveredconditionals="16" methods="28" coveredmethods="26"/>
      <line num="1" count="2" type="stmt"/>
      <line num="3" count="2" type="stmt"/>
      <line num="8" count="2" type="stmt"/>
      <line num="12" count="2" type="stmt"/>
      <line num="24" count="2" type="stmt"/>
      <line num="26" count="2" type="stmt"/>
      <line num="28" count="2" type="cond" truecount="1" falsecount="0"/>
      <line num="29" count="2" type="stmt"/>
      <line num="31" count="2" type="stmt"/>
      <line num="33" count="10" type="cond" truecount="1" falsecount="1"/>
      <line num="37" count="10" type="cond" truecount="1" falsecount="1"/>
      <line num="41" count="10" type="stmt"/>
      <line num="46" count="18" type="stmt"/>
      <line num="48" count="18" type="cond" truecount="1" falsecount="0"/>
      <line num="49" count="16" type="stmt"/>
      <line num="50" count="16" type="stmt"/>
      <line num="51" count="16" type="stmt"/>
      <line num="54" count="18" type="stmt"/>
      <line num="55" count="18" type="stmt"/>
      <line num="56" count="18" type="stmt"/>
      <line num="59" count="18" type="stmt"/>
      <line num="63" count="18" type="stmt"/>
      <line num="69" count="18" type="cond" truecount="1" falsecount="0"/>
      <line num="71" count="2" type="stmt"/>
      <line num="73" count="2" type="stmt"/>
      <line num="77" count="2" type="stmt"/>
      <line num="78" count="2" type="stmt"/>
      <line num="82" count="11" type="stmt"/>
      <line num="83" count="11" type="stmt"/>
      <line num="85" count="11" type="stmt"/>
      <line num="89" count="0" type="stmt"/>
      <line num="90" count="0" type="stmt"/>
      <line num="91" count="0" type="stmt"/>
      <line num="93" count="0" type="cond" truecount="0" falsecount="1"/>
      <line num="94" count="0" type="stmt"/>
      <line num="95" count="0" type="stmt"/>
      <line num="100" count="3" type="stmt"/>
      <line num="102" count="3" type="cond" truecount="1" falsecount="0"/>
      <line num="103" count="1" type="stmt"/>
      <line num="104" count="1" type="stmt"/>
      <line num="107" count="3" type="cond" truecount="1" falsecount="0"/>
      <line num="109" count="3" type="stmt"/>
      <line num="110" count="1" type="stmt"/>
      <line num="113" count="3" type="cond" truecount="1" falsecount="0"/>
      <line num="114" count="1" type="stmt"/>
      <line num="118" count="1" type="stmt"/>
      <line num="119" count="1" type="stmt"/>
      <line num="123" count="9" type="stmt"/>
      <line num="125" count="2" type="cond" truecount="1" falsecount="0"/>
      <line num="126" count="1" type="stmt"/>
      <line num="127" count="1" type="stmt"/>
      <line num="136" count="14" type="cond" truecount="0" falsecount="1"/>
      <line num="137" count="0" type="stmt"/>
      <line num="143" count="6" type="stmt"/>
      <line num="144" count="2" type="stmt"/>
      <line num="147" count="6" type="cond" truecount="1" falsecount="0"/>
      <line num="148" count="1" type="stmt"/>
      <line num="149" count="1" type="stmt"/>
      <line num="155" count="5" type="stmt"/>
      <line num="156" count="10" type="stmt"/>
      <line num="159" count="5" type="cond" truecount="1" falsecount="0"/>
      <line num="160" count="5" type="stmt"/>
      <line num="161" count="5" type="stmt"/>
      <line num="167" count="5" type="stmt"/>
      <line num="170" count="1" type="cond" truecount="0" falsecount="1"/>
      <line num="173" count="5" type="stmt"/>
      <line num="176" count="1" type="stmt"/>
      <line num="179" count="1" type="stmt"/>
      <line num="183" count="30" type="cond" truecount="3" falsecount="0"/>
      <line num="184" count="11" type="stmt"/>
      <line num="186" count="11" type="stmt"/>
      <line num="187" count="11" type="stmt"/>
      <line num="189" count="11" type="stmt"/>
      <line num="192" count="10" type="stmt"/>
      <line num="195" count="1" type="stmt"/>
      <line num="199" count="11" type="stmt"/>
      <line num="200" count="10" type="stmt"/>
      <line num="203" count="11" type="stmt"/>
      <line num="204" count="11" type="stmt"/>
      <line num="210" count="29" type="stmt"/>
    </file>
    <file name="SubscribableQueueItem.ts" path="D:\Projects\PriorityTaskJS\lib\SubscribableQueueItem.ts">
      <metrics statements="23" coveredstatements="23" conditionals="11" coveredconditionals="10" methods="10" coveredmethods="10"/>
      <line num="9" count="2" type="stmt"/>
      <line num="10" count="16" type="stmt"/>
      <line num="15" count="16" type="stmt"/>
      <line num="20" count="16" type="stmt"/>
      <line num="23" count="10" type="cond" truecount="4" falsecount="0"/>
      <line num="24" count="10" type="stmt"/>
      <line num="25" count="12" type="stmt"/>
      <line num="30" count="4" type="cond" truecount="3" falsecount="1"/>
      <line num="31" count="4" type="stmt"/>
      <line num="32" count="4" type="stmt"/>
      <line num="40" count="19" type="stmt"/>
      <line num="41" count="19" type="stmt"/>
      <line num="42" count="12" type="stmt"/>
      <line num="45" count="19" type="stmt"/>
      <line num="46" count="4" type="stmt"/>
      <line num="51" count="19" type="stmt"/>
      <line num="52" count="19" type="stmt"/>
      <line num="54" count="19" type="stmt"/>
      <line num="63" count="38" type="cond" truecount="2" falsecount="0"/>
      <line num="65" count="19" type="stmt"/>
      <line num="66" count="19" type="stmt"/>
      <line num="69" count="19" type="stmt"/>
      <line num="70" count="19" type="stmt"/>
    </file>
    <file name="index.ts" path="D:\Projects\PriorityTaskJS\lib\index.ts">
      <metrics statements="2" coveredstatements="2" conditionals="0" coveredconditionals="0" methods="1" coveredmethods="1"/>
      <line num="1" count="1" type="stmt"/>
      <line num="2" count="19" type="stmt"/>
    </file>
  </project>
</coverage>
