{"D:\\Projects\\PriorityTaskJS\\lib\\PTask.ts": {"path":"D:\\Projects\\PriorityTaskJS\\lib\\PTask.ts","statementMap":{"0":{"start":{"line":1,"column":0},"end":{"line":1,"column":64}},"1":{"start":{"line":26,"column":2},"end":{"line":26,"column":30}},"2":{"start":{"line":42,"column":2},"end":{"line":44,"column":4}},"3":{"start":{"line":47,"column":4},"end":{"line":47,"column":37}},"4":{"start":{"line":48,"column":4},"end":{"line":48,"column":36}},"5":{"start":{"line":49,"column":4},"end":{"line":49,"column":29}},"6":{"start":{"line":50,"column":4},"end":{"line":50,"column":31}},"7":{"start":{"line":51,"column":4},"end":{"line":51,"column":56}},"8":{"start":{"line":51,"column":51},"end":{"line":51,"column":54}},"9":{"start":{"line":52,"column":4},"end":{"line":52,"column":51}},"10":{"start":{"line":53,"column":4},"end":{"line":53,"column":51}},"11":{"start":{"line":57,"column":4},"end":{"line":57,"column":63}},"12":{"start":{"line":61,"column":4},"end":{"line":63,"column":7}},"13":{"start":{"line":62,"column":6},"end":{"line":62,"column":52}},"14":{"start":{"line":64,"column":4},"end":{"line":64,"column":32}},"15":{"start":{"line":23,"column":0},"end":{"line":23,"column":13}},"16":{"start":{"line":24,"column":17},"end":{"line":24,"column":27}}},"fnMap":{"0":{"name":"(anonymous_1)","decl":{"start":{"line":46,"column":2},"end":{"line":46,"column":14}},"loc":{"start":{"line":46,"column":41},"end":{"line":54,"column":3}}},"1":{"name":"(anonymous_2)","decl":{"start":{"line":51,"column":39},"end":{"line":51,"column":40}},"loc":{"start":{"line":51,"column":51},"end":{"line":51,"column":54}}},"2":{"name":"(anonymous_3)","decl":{"start":{"line":52,"column":41},"end":{"line":52,"column":44}},"loc":{"start":{"line":52,"column":46},"end":{"line":52,"column":49}}},"3":{"name":"(anonymous_4)","decl":{"start":{"line":53,"column":41},"end":{"line":53,"column":44}},"loc":{"start":{"line":53,"column":46},"end":{"line":53,"column":49}}},"4":{"name":"(anonymous_5)","decl":{"start":{"line":56,"column":9},"end":{"line":56,"column":12}},"loc":{"start":{"line":56,"column":12},"end":{"line":58,"column":3}}},"5":{"name":"(anonymous_6)","decl":{"start":{"line":60,"column":9},"end":{"line":60,"column":14}},"loc":{"start":{"line":60,"column":14},"end":{"line":65,"column":3}}},"6":{"name":"(anonymous_7)","decl":{"start":{"line":61,"column":59},"end":{"line":61,"column":60}},"loc":{"start":{"line":61,"column":72},"end":{"line":63,"column":5}}}},"branchMap":{"0":{"loc":{"start":{"line":48,"column":17},"end":{"line":48,"column":35}},"type":"binary-expr","locations":[{"start":{"line":48,"column":17},"end":{"line":48,"column":30}},{"start":{"line":48,"column":34},"end":{"line":48,"column":35}}]},"1":{"loc":{"start":{"line":51,"column":19},"end":{"line":51,"column":55}},"type":"binary-expr","locations":[{"start":{"line":51,"column":19},"end":{"line":51,"column":34}},{"start":{"line":51,"column":39},"end":{"line":51,"column":54}}]},"2":{"loc":{"start":{"line":52,"column":20},"end":{"line":52,"column":50}},"type":"binary-expr","locations":[{"start":{"line":52,"column":20},"end":{"line":52,"column":36}},{"start":{"line":52,"column":41},"end":{"line":52,"column":49}}]},"3":{"loc":{"start":{"line":53,"column":20},"end":{"line":53,"column":50}},"type":"binary-expr","locations":[{"start":{"line":53,"column":20},"end":{"line":53,"column":36}},{"start":{"line":53,"column":41},"end":{"line":53,"column":49}}]}},"s":{"0":1,"1":11,"2":11,"3":11,"4":11,"5":11,"6":11,"7":11,"8":2,"9":11,"10":11,"11":10,"12":4,"13":4,"14":4,"15":1,"16":1},"f":{"0":11,"1":2,"2":0,"3":0,"4":10,"5":4,"6":4},"b":{"0":[11,11],"1":[11,9],"2":[11,11],"3":[11,11]}}
,"D:\\Projects\\PriorityTaskJS\\lib\\ProcessingPriorityQueue.ts": {"path":"D:\\Projects\\PriorityTaskJS\\lib\\ProcessingPriorityQueue.ts","statementMap":{"0":{"start":{"line":1,"column":0},"end":{"line":1,"column":50}},"1":{"start":{"line":3,"column":0},"end":{"line":3,"column":60}},"2":{"start":{"line":28,"column":30},"end":{"line":28,"column":57}},"3":{"start":{"line":24,"column":10},"end":{"line":24,"column":64}},"4":{"start":{"line":26,"column":10},"end":{"line":26,"column":54}},"5":{"start":{"line":29,"column":4},"end":{"line":29,"column":58}},"6":{"start":{"line":31,"column":4},"end":{"line":42,"column":7}},"7":{"start":{"line":33,"column":8},"end":{"line":35,"column":27}},"8":{"start":{"line":37,"column":8},"end":{"line":39,"column":27}},"9":{"start":{"line":41,"column":6},"end":{"line":41,"column":33}},"10":{"start":{"line":46,"column":27},"end":{"line":46,"column":50}},"11":{"start":{"line":48,"column":4},"end":{"line":52,"column":null}},"12":{"start":{"line":49,"column":6},"end":{"line":49,"column":58}},"13":{"start":{"line":50,"column":6},"end":{"line":50,"column":52}},"14":{"start":{"line":51,"column":6},"end":{"line":51,"column":47}},"15":{"start":{"line":54,"column":20},"end":{"line":54,"column":52}},"16":{"start":{"line":55,"column":4},"end":{"line":57,"column":7}},"17":{"start":{"line":56,"column":6},"end":{"line":56,"column":21}},"18":{"start":{"line":59,"column":4},"end":{"line":59,"column":19}},"19":{"start":{"line":63,"column":4},"end":{"line":65,"column":6}},"20":{"start":{"line":69,"column":4},"end":{"line":69,"column":45}},"21":{"start":{"line":69,"column":33},"end":{"line":69,"column":45}},"22":{"start":{"line":71,"column":17},"end":{"line":74,"column":null}},"23":{"start":{"line":73,"column":8},"end":{"line":73,"column":54}},"24":{"start":{"line":77,"column":4},"end":{"line":77,"column":33}},"25":{"start":{"line":78,"column":4},"end":{"line":78,"column":16}},"26":{"start":{"line":82,"column":17},"end":{"line":82,"column":42}},"27":{"start":{"line":83,"column":4},"end":{"line":83,"column":55}},"28":{"start":{"line":85,"column":4},"end":{"line":85,"column":16}},"29":{"start":{"line":89,"column":31},"end":{"line":90,"column":27}},"30":{"start":{"line":90,"column":6},"end":{"line":90,"column":27}},"31":{"start":{"line":91,"column":26},"end":{"line":91,"column":74}},"32":{"start":{"line":93,"column":4},"end":{"line":96,"column":null}},"33":{"start":{"line":94,"column":6},"end":{"line":94,"column":45}},"34":{"start":{"line":95,"column":6},"end":{"line":95,"column":44}},"35":{"start":{"line":100,"column":31},"end":{"line":101,"column":27}},"36":{"start":{"line":101,"column":6},"end":{"line":101,"column":27}},"37":{"start":{"line":102,"column":26},"end":{"line":102,"column":74}},"38":{"start":{"line":104,"column":4},"end":{"line":106,"column":null}},"39":{"start":{"line":105,"column":6},"end":{"line":105,"column":47}},"40":{"start":{"line":113,"column":4},"end":{"line":115,"column":null}},"41":{"start":{"line":113,"column":35},"end":{"line":113,"column":54}},"42":{"start":{"line":114,"column":6},"end":{"line":114,"column":18}},"43":{"start":{"line":120,"column":33},"end":{"line":121,"column":null}},"44":{"start":{"line":121,"column":16},"end":{"line":121,"column":35}},"45":{"start":{"line":124,"column":4},"end":{"line":128,"column":null}},"46":{"start":{"line":125,"column":6},"end":{"line":125,"column":41}},"47":{"start":{"line":126,"column":6},"end":{"line":126,"column":45}},"48":{"start":{"line":127,"column":6},"end":{"line":127,"column":61}},"49":{"start":{"line":133,"column":22},"end":{"line":134,"column":null}},"50":{"start":{"line":134,"column":39},"end":{"line":134,"column":58}},"51":{"start":{"line":137,"column":4},"end":{"line":141,"column":null}},"52":{"start":{"line":138,"column":6},"end":{"line":138,"column":30}},"53":{"start":{"line":139,"column":6},"end":{"line":139,"column":34}},"54":{"start":{"line":140,"column":6},"end":{"line":140,"column":18}},"55":{"start":{"line":145,"column":4},"end":{"line":168,"column":null}},"56":{"start":{"line":146,"column":6},"end":{"line":146,"column":30}},"57":{"start":{"line":148,"column":19},"end":{"line":148,"column":33}},"58":{"start":{"line":149,"column":6},"end":{"line":149,"column":39}},"59":{"start":{"line":151,"column":6},"end":{"line":167,"column":11}},"60":{"start":{"line":154,"column":10},"end":{"line":154,"column":39}},"61":{"start":{"line":157,"column":10},"end":{"line":157,"column":37}},"62":{"start":{"line":161,"column":10},"end":{"line":163,"column":12}},"63":{"start":{"line":162,"column":22},"end":{"line":162,"column":35}},"64":{"start":{"line":165,"column":10},"end":{"line":165,"column":34}},"65":{"start":{"line":166,"column":10},"end":{"line":166,"column":25}},"66":{"start":{"line":172,"column":4},"end":{"line":172,"column":25}},"67":{"start":{"line":8,"column":0},"end":{"line":8,"column":21}},"68":{"start":{"line":12,"column":17},"end":{"line":12,"column":58}}},"fnMap":{"0":{"name":"(anonymous_1)","decl":{"start":{"line":28,"column":2},"end":{"line":28,"column":30}},"loc":{"start":{"line":28,"column":58},"end":{"line":43,"column":3}}},"1":{"name":"(anonymous_2)","decl":{"start":{"line":31,"column":47},"end":{"line":31,"column":48}},"loc":{"start":{"line":31,"column":56},"end":{"line":42,"column":5}}},"2":{"name":"(anonymous_3)","decl":{"start":{"line":45,"column":9},"end":{"line":45,"column":14}},"loc":{"start":{"line":45,"column":45},"end":{"line":60,"column":3}}},"3":{"name":"(anonymous_4)","decl":{"start":{"line":55,"column":17},"end":{"line":55,"column":20}},"loc":{"start":{"line":55,"column":22},"end":{"line":57,"column":5}}},"4":{"name":"(anonymous_5)","decl":{"start":{"line":62,"column":10},"end":{"line":62,"column":22}},"loc":{"start":{"line":62,"column":34},"end":{"line":66,"column":3}}},"5":{"name":"(anonymous_6)","decl":{"start":{"line":68,"column":10},"end":{"line":68,"column":17}},"loc":{"start":{"line":68,"column":29},"end":{"line":79,"column":3}}},"6":{"name":"(anonymous_7)","decl":{"start":{"line":72,"column":6},"end":{"line":72,"column":7}},"loc":{"start":{"line":72,"column":55},"end":{"line":74,"column":7}}},"7":{"name":"(anonymous_8)","decl":{"start":{"line":81,"column":10},"end":{"line":81,"column":17}},"loc":{"start":{"line":81,"column":17},"end":{"line":86,"column":3}}},"8":{"name":"(anonymous_9)","decl":{"start":{"line":88,"column":9},"end":{"line":88,"column":14}},"loc":{"start":{"line":88,"column":55},"end":{"line":97,"column":3}}},"9":{"name":"(anonymous_10)","decl":{"start":{"line":89,"column":31},"end":{"line":89,"column":32}},"loc":{"start":{"line":90,"column":6},"end":{"line":90,"column":27}}},"10":{"name":"(anonymous_11)","decl":{"start":{"line":99,"column":9},"end":{"line":99,"column":15}},"loc":{"start":{"line":99,"column":27},"end":{"line":107,"column":3}}},"11":{"name":"(anonymous_12)","decl":{"start":{"line":100,"column":31},"end":{"line":100,"column":35}},"loc":{"start":{"line":101,"column":6},"end":{"line":101,"column":27}}},"12":{"name":"(anonymous_13)","decl":{"start":{"line":109,"column":9},"end":{"line":109,"column":14}},"loc":{"start":{"line":109,"column":43},"end":{"line":142,"column":3}}},"13":{"name":"(anonymous_14)","decl":{"start":{"line":113,"column":25},"end":{"line":113,"column":26}},"loc":{"start":{"line":113,"column":35},"end":{"line":113,"column":54}}},"14":{"name":"(anonymous_15)","decl":{"start":{"line":121,"column":6},"end":{"line":121,"column":7}},"loc":{"start":{"line":121,"column":16},"end":{"line":121,"column":35}}},"15":{"name":"(anonymous_16)","decl":{"start":{"line":134,"column":6},"end":{"line":134,"column":7}},"loc":{"start":{"line":134,"column":39},"end":{"line":134,"column":58}}},"16":{"name":"(anonymous_17)","decl":{"start":{"line":144,"column":10},"end":{"line":144,"column":15}},"loc":{"start":{"line":144,"column":23},"end":{"line":169,"column":3}}},"17":{"name":"(anonymous_18)","decl":{"start":{"line":153,"column":14},"end":{"line":153,"column":15}},"loc":{"start":{"line":153,"column":25},"end":{"line":155,"column":9}}},"18":{"name":"(anonymous_19)","decl":{"start":{"line":156,"column":15},"end":{"line":156,"column":16}},"loc":{"start":{"line":156,"column":25},"end":{"line":158,"column":9}}},"19":{"name":"(anonymous_20)","decl":{"start":{"line":159,"column":17},"end":{"line":159,"column":22}},"loc":{"start":{"line":159,"column":28},"end":{"line":167,"column":9}}},"20":{"name":"(anonymous_21)","decl":{"start":{"line":162,"column":12},"end":{"line":162,"column":13}},"loc":{"start":{"line":162,"column":22},"end":{"line":162,"column":35}}},"21":{"name":"(anonymous_22)","decl":{"start":{"line":171,"column":2},"end":{"line":171,"column":8}},"loc":{"start":{"line":171,"column":20},"end":{"line":173,"column":3}}}},"branchMap":{"0":{"loc":{"start":{"line":28,"column":30},"end":{"line":28,"column":58}},"type":"default-arg","locations":[{"start":{"line":28,"column":57},"end":{"line":28,"column":58}}]},"1":{"loc":{"start":{"line":33,"column":8},"end":{"line":35,"column":27}},"type":"cond-expr","locations":[{"start":{"line":34,"column":12},"end":{"line":34,"column":29}},{"start":{"line":35,"column":12},"end":{"line":35,"column":27}}]},"2":{"loc":{"start":{"line":37,"column":8},"end":{"line":39,"column":27}},"type":"cond-expr","locations":[{"start":{"line":38,"column":12},"end":{"line":38,"column":29}},{"start":{"line":39,"column":12},"end":{"line":39,"column":27}}]},"3":{"loc":{"start":{"line":48,"column":4},"end":{"line":52,"column":null}},"type":"if","locations":[{"start":{"line":48,"column":4},"end":{"line":52,"column":null}}]},"4":{"loc":{"start":{"line":64,"column":6},"end":{"line":64,"column":76}},"type":"binary-expr","locations":[{"start":{"line":64,"column":6},"end":{"line":64,"column":39}},{"start":{"line":64,"column":43},"end":{"line":64,"column":76}}]},"5":{"loc":{"start":{"line":69,"column":4},"end":{"line":69,"column":45}},"type":"if","locations":[{"start":{"line":69,"column":4},"end":{"line":69,"column":45}}]},"6":{"loc":{"start":{"line":93,"column":4},"end":{"line":96,"column":null}},"type":"if","locations":[{"start":{"line":93,"column":4},"end":{"line":96,"column":null}}]},"7":{"loc":{"start":{"line":104,"column":4},"end":{"line":106,"column":null}},"type":"if","locations":[{"start":{"line":104,"column":4},"end":{"line":106,"column":null}}]},"8":{"loc":{"start":{"line":113,"column":4},"end":{"line":115,"column":null}},"type":"if","locations":[{"start":{"line":113,"column":4},"end":{"line":115,"column":null}}]},"9":{"loc":{"start":{"line":124,"column":4},"end":{"line":128,"column":null}},"type":"if","locations":[{"start":{"line":124,"column":4},"end":{"line":128,"column":null}}]},"10":{"loc":{"start":{"line":137,"column":4},"end":{"line":141,"column":null}},"type":"if","locations":[{"start":{"line":137,"column":4},"end":{"line":141,"column":null}}]},"11":{"loc":{"start":{"line":145,"column":4},"end":{"line":168,"column":null}},"type":"if","locations":[{"start":{"line":145,"column":4},"end":{"line":168,"column":null}}]},"12":{"loc":{"start":{"line":145,"column":8},"end":{"line":145,"column":64}},"type":"binary-expr","locations":[{"start":{"line":145,"column":8},"end":{"line":145,"column":33}},{"start":{"line":145,"column":37},"end":{"line":145,"column":64}}]}},"s":{"0":2,"1":2,"2":2,"3":2,"4":2,"5":2,"6":2,"7":13,"8":13,"9":13,"10":10,"11":10,"12":10,"13":10,"14":10,"15":10,"16":10,"17":8,"18":10,"19":10,"20":10,"21":10,"22":0,"23":0,"24":0,"25":0,"26":6,"27":6,"28":6,"29":0,"30":0,"31":0,"32":0,"33":0,"34":0,"35":0,"36":0,"37":0,"38":0,"39":0,"40":4,"41":6,"42":0,"43":4,"44":1,"45":4,"46":1,"47":1,"48":1,"49":3,"50":9,"51":3,"52":3,"53":3,"54":3,"55":14,"56":6,"57":6,"58":6,"59":6,"60":6,"61":0,"62":6,"63":6,"64":6,"65":6,"66":15,"67":2,"68":2},"f":{"0":2,"1":13,"2":10,"3":8,"4":10,"5":10,"6":0,"7":6,"8":0,"9":0,"10":0,"11":0,"12":4,"13":6,"14":1,"15":9,"16":14,"17":6,"18":0,"19":6,"20":6,"21":15},"b":{"0":[2],"1":[0,13],"2":[0,13],"3":[10],"4":[10,0],"5":[10],"6":[0],"7":[0],"8":[0],"9":[1],"10":[3],"11":[6],"12":[14,13]}}
,"D:\\Projects\\PriorityTaskJS\\lib\\SubscribableQueueItem.ts": {"path":"D:\\Projects\\PriorityTaskJS\\lib\\SubscribableQueueItem.ts","statementMap":{"0":{"start":{"line":22,"column":21},"end":{"line":22,"column":42}},"1":{"start":{"line":10,"column":10},"end":{"line":13,"column":4}},"2":{"start":{"line":15,"column":10},"end":{"line":18,"column":4}},"3":{"start":{"line":20,"column":2},"end":{"line":20,"column":17}},"4":{"start":{"line":25,"column":23},"end":{"line":25,"column":61}},"5":{"start":{"line":26,"column":4},"end":{"line":28,"column":7}},"6":{"start":{"line":27,"column":6},"end":{"line":27,"column":24}},"7":{"start":{"line":32,"column":23},"end":{"line":32,"column":61}},"8":{"start":{"line":33,"column":4},"end":{"line":35,"column":7}},"9":{"start":{"line":34,"column":6},"end":{"line":34,"column":22}},"10":{"start":{"line":42,"column":20},"end":{"line":50,"column":6}},"11":{"start":{"line":43,"column":6},"end":{"line":45,"column":8}},"12":{"start":{"line":44,"column":8},"end":{"line":44,"column":24}},"13":{"start":{"line":47,"column":6},"end":{"line":49,"column":8}},"14":{"start":{"line":48,"column":8},"end":{"line":48,"column":22}},"15":{"start":{"line":53,"column":4},"end":{"line":53,"column":53}},"16":{"start":{"line":54,"column":4},"end":{"line":54,"column":51}},"17":{"start":{"line":56,"column":4},"end":{"line":56,"column":19}},"18":{"start":{"line":65,"column":4},"end":{"line":78,"column":null}},"19":{"start":{"line":67,"column":8},"end":{"line":67,"column":59}},"20":{"start":{"line":68,"column":8},"end":{"line":68,"column":14}},"21":{"start":{"line":71,"column":8},"end":{"line":71,"column":58}},"22":{"start":{"line":72,"column":8},"end":{"line":72,"column":14}},"23":{"start":{"line":75,"column":8},"end":{"line":77,"column":10}},"24":{"start":{"line":9,"column":0},"end":{"line":9,"column":21}}},"fnMap":{"0":{"name":"(anonymous_0)","decl":{"start":{"line":22,"column":2},"end":{"line":22,"column":21}},"loc":{"start":{"line":22,"column":42},"end":{"line":22,"column":46}}},"1":{"name":"(anonymous_1)","decl":{"start":{"line":24,"column":9},"end":{"line":24,"column":24}},"loc":{"start":{"line":24,"column":36},"end":{"line":29,"column":3}}},"2":{"name":"(anonymous_2)","decl":{"start":{"line":26,"column":48},"end":{"line":26,"column":49}},"loc":{"start":{"line":26,"column":72},"end":{"line":28,"column":5}}},"3":{"name":"(anonymous_3)","decl":{"start":{"line":31,"column":9},"end":{"line":31,"column":23}},"loc":{"start":{"line":31,"column":34},"end":{"line":36,"column":3}}},"4":{"name":"(anonymous_4)","decl":{"start":{"line":33,"column":47},"end":{"line":33,"column":48}},"loc":{"start":{"line":33,"column":70},"end":{"line":35,"column":5}}},"5":{"name":"(anonymous_5)","decl":{"start":{"line":38,"column":9},"end":{"line":38,"column":22}},"loc":{"start":{"line":38,"column":54},"end":{"line":57,"column":3}}},"6":{"name":"(anonymous_6)","decl":{"start":{"line":42,"column":32},"end":{"line":42,"column":33}},"loc":{"start":{"line":42,"column":52},"end":{"line":50,"column":5}}},"7":{"name":"(anonymous_7)","decl":{"start":{"line":43,"column":24},"end":{"line":43,"column":29}},"loc":{"start":{"line":43,"column":41},"end":{"line":45,"column":7}}},"8":{"name":"(anonymous_8)","decl":{"start":{"line":47,"column":23},"end":{"line":47,"column":24}},"loc":{"start":{"line":47,"column":40},"end":{"line":49,"column":7}}},"9":{"name":"(anonymous_9)","decl":{"start":{"line":64,"column":10},"end":{"line":64,"column":19}},"loc":{"start":{"line":64,"column":99},"end":{"line":79,"column":3}}}},"branchMap":{"0":{"loc":{"start":{"line":25,"column":23},"end":{"line":25,"column":61}},"type":"cond-expr","locations":[{"start":{"line":25,"column":37},"end":{"line":25,"column":48}},{"start":{"line":25,"column":51},"end":{"line":25,"column":61}}]},"1":{"loc":{"start":{"line":32,"column":23},"end":{"line":32,"column":61}},"type":"cond-expr","locations":[{"start":{"line":32,"column":37},"end":{"line":32,"column":48}},{"start":{"line":32,"column":51},"end":{"line":32,"column":61}}]},"2":{"loc":{"start":{"line":38,"column":23},"end":{"line":38,"column":54}},"type":"default-arg","locations":[{"start":{"line":38,"column":44},"end":{"line":38,"column":54}}]},"3":{"loc":{"start":{"line":65,"column":4},"end":{"line":78,"column":null}},"type":"switch","locations":[{"start":{"line":66,"column":6},"end":{"line":68,"column":14}},{"start":{"line":70,"column":6},"end":{"line":72,"column":14}},{"start":{"line":74,"column":6},"end":{"line":77,"column":10}}]}},"s":{"0":10,"1":10,"2":10,"3":10,"4":6,"5":6,"6":6,"7":0,"8":0,"9":0,"10":11,"11":11,"12":6,"13":11,"14":0,"15":11,"16":11,"17":11,"18":22,"19":11,"20":11,"21":11,"22":11,"23":0,"24":2},"f":{"0":10,"1":6,"2":6,"3":0,"4":0,"5":11,"6":11,"7":6,"8":0,"9":22},"b":{"0":[1,5],"1":[0,0],"2":[10],"3":[11,11,0]}}
,"D:\\Projects\\PriorityTaskJS\\lib\\index.ts": {"path":"D:\\Projects\\PriorityTaskJS\\lib\\index.ts","statementMap":{"0":{"start":{"line":1,"column":0},"end":{"line":1,"column":9}},"1":{"start":{"line":2,"column":9},"end":{"line":1,"column":42}}},"fnMap":{"0":{"name":"(anonymous_0)","decl":{"start":{"line":2,"column":9},"end":{"line":2,"column":14}},"loc":{"start":{"line":2,"column":9},"end":{"line":1,"column":42}}}},"branchMap":{},"s":{"0":1,"1":13},"f":{"0":12},"b":{}}
}
