TN:
SF:lib\PTask.ts
FN:67,(anonymous_1)
FN:64,(anonymous_2)
FN:72,(anonymous_3)
FN:73,(anonymous_4)
FN:74,(anonymous_5)
FN:76,(anonymous_6)
FN:87,(anonymous_7)
FN:97,(anonymous_8)
FN:108,(anonymous_9)
FN:116,(anonymous_10)
FN:154,(anonymous_11)
FN:159,(anonymous_12)
FN:163,(anonymous_13)
FN:167,(anonymous_14)
FN:171,(anonymous_15)
FN:172,(anonymous_16)
FN:178,(anonymous_17)
FN:182,(anonymous_18)
FN:188,(anonymous_19)
FNF:19
FNH:19
FNDA:39,(anonymous_1)
FNDA:92,(anonymous_2)
FNDA:6,(anonymous_3)
FNDA:3,(anonymous_4)
FNDA:7,(anonymous_5)
FNDA:31,(anonymous_6)
FNDA:38,(anonymous_7)
FNDA:13,(anonymous_8)
FNDA:3,(anonymous_9)
FNDA:10,(anonymous_10)
FNDA:2,(anonymous_11)
FNDA:96,(anonymous_12)
FNDA:142,(anonymous_13)
FNDA:40,(anonymous_14)
FNDA:27,(anonymous_15)
FNDA:27,(anonymous_16)
FNDA:124,(anonymous_17)
FNDA:23,(anonymous_18)
FNDA:4,(anonymous_19)
DA:1,1
DA:3,1
DA:34,1
DA:35,1
DA:37,1
DA:39,39
DA:59,39
DA:61,39
DA:63,39
DA:64,92
DA:68,39
DA:69,39
DA:70,39
DA:71,39
DA:72,39
DA:73,39
DA:74,39
DA:75,39
DA:76,31
DA:77,39
DA:80,39
DA:81,4
DA:84,39
DA:88,38
DA:91,23
DA:92,23
DA:93,23
DA:94,23
DA:98,13
DA:100,11
DA:101,11
DA:104,10
DA:105,10
DA:109,3
DA:111,3
DA:112,3
DA:113,3
DA:119,10
DA:121,10
DA:122,10
DA:123,10
DA:124,10
DA:126,10
DA:127,8
DA:128,8
DA:130,6
DA:131,6
DA:133,1
DA:134,1
DA:138,2
DA:139,2
DA:141,1
DA:142,1
DA:146,10
DA:147,8
DA:149,2
DA:151,10
DA:155,2
DA:156,2
DA:160,96
DA:164,142
DA:168,40
DA:172,27
DA:173,27
DA:174,27
DA:179,124
DA:183,23
DA:189,4
DA:190,4
LF:69
LH:69
BRDA:69,0,0,39
BRDA:69,0,1,39
BRDA:72,1,0,39
BRDA:72,1,1,35
BRDA:73,2,0,39
BRDA:73,2,1,39
BRDA:74,3,0,39
BRDA:74,3,1,38
BRDA:76,4,0,39
BRDA:76,4,1,38
BRDA:77,5,0,39
BRDA:77,5,1,35
BRDA:80,6,0,4
BRDA:98,7,0,2
BRDA:109,8,0,0
BRDA:117,9,0,2
BRDA:119,10,0,0
BRDA:126,11,0,8
BRDA:126,11,1,2
BRDA:146,12,0,8
BRDA:146,12,1,2
BRDA:189,13,0,0
BRDA:189,14,0,0
BRDA:189,14,1,0
BRDA:189,15,0,0
BRDA:189,15,1,0
BRDA:190,16,0,4
BRDA:190,16,1,0
BRDA:190,17,0,4
BRDA:190,17,1,4
BRF:30
BRH:22
end_of_record
TN:
SF:lib\ProcessingPriorityQueue.ts
FN:39,(anonymous_1)
FN:40,(anonymous_2)
FN:54,(anonymous_3)
FN:64,(anonymous_4)
FN:71,(anonymous_5)
FN:77,(anonymous_6)
FN:81,(anonymous_7)
FN:90,(anonymous_8)
FN:97,(anonymous_9)
FN:98,(anonymous_10)
FN:104,(anonymous_11)
FN:105,(anonymous_12)
FN:113,(anonymous_13)
FN:116,(anonymous_14)
FN:121,(anonymous_15)
FN:127,(anonymous_16)
FN:135,(anonymous_17)
FN:145,(anonymous_18)
FN:150,(anonymous_19)
FN:166,(anonymous_20)
FN:180,(anonymous_21)
FN:182,(anonymous_22)
FN:188,(anonymous_23)
FN:196,(anonymous_24)
FN:199,(anonymous_25)
FN:208,(anonymous_26)
FN:217,(anonymous_27)
FN:226,(anonymous_28)
FN:229,(anonymous_29)
FN:238,(anonymous_30)
FNF:30
FNH:30
FNDA:6,(anonymous_1)
FNDA:24,(anonymous_2)
FNDA:38,(anonymous_3)
FNDA:38,(anonymous_4)
FNDA:38,(anonymous_5)
FNDA:38,(anonymous_6)
FNDA:2,(anonymous_7)
FNDA:27,(anonymous_8)
FNDA:2,(anonymous_9)
FNDA:5,(anonymous_10)
FNDA:10,(anonymous_11)
FNDA:4,(anonymous_12)
FNDA:6,(anonymous_13)
FNDA:4,(anonymous_14)
FNDA:12,(anonymous_15)
FNDA:1,(anonymous_16)
FNDA:4,(anonymous_17)
FNDA:11,(anonymous_18)
FNDA:3,(anonymous_19)
FNDA:14,(anonymous_20)
FNDA:3,(anonymous_21)
FNDA:20,(anonymous_22)
FNDA:20,(anonymous_23)
FNDA:3,(anonymous_24)
FNDA:69,(anonymous_25)
FNDA:26,(anonymous_26)
FNDA:1,(anonymous_27)
FNDA:27,(anonymous_28)
FNDA:23,(anonymous_29)
FNDA:74,(anonymous_30)
DA:1,2
DA:3,2
DA:8,2
DA:12,2
DA:17,6
DA:22,6
DA:27,6
DA:37,6
DA:39,6
DA:40,6
DA:42,24
DA:46,24
DA:50,24
DA:55,38
DA:57,38
DA:58,36
DA:59,36
DA:60,36
DA:63,38
DA:64,38
DA:65,38
DA:68,38
DA:72,38
DA:78,38
DA:80,2
DA:82,2
DA:86,2
DA:87,2
DA:91,27
DA:92,27
DA:94,27
DA:98,2
DA:99,5
DA:100,2
DA:101,2
DA:105,10
DA:106,10
DA:108,3
DA:109,3
DA:110,3
DA:115,6
DA:116,4
DA:118,6
DA:121,12
DA:122,2
DA:124,1
DA:128,1
DA:129,1
DA:130,1
DA:132,1
DA:136,4
DA:137,4
DA:138,4
DA:141,4
DA:149,11
DA:150,3
DA:153,11
DA:154,1
DA:155,1
DA:157,1
DA:158,1
DA:159,1
DA:165,10
DA:166,14
DA:169,10
DA:170,9
DA:171,9
DA:172,9
DA:174,9
DA:177,1
DA:182,20
DA:185,3
DA:188,20
DA:189,3
DA:192,3
DA:193,3
DA:196,3
DA:200,69
DA:201,27
DA:203,27
DA:204,27
DA:206,27
DA:209,26
DA:218,1
DA:228,27
DA:229,23
DA:232,27
DA:233,27
DA:239,74
DA:240,6
DA:246,74
LF:91
LH:91
BRDA:39,0,0,0
BRDA:42,1,0,4
BRDA:42,1,1,20
BRDA:46,2,0,4
BRDA:46,2,1,20
BRDA:57,3,0,36
BRDA:73,4,0,38
BRDA:73,4,1,3
BRDA:78,5,0,36
BRDA:101,6,0,2
BRDA:106,7,0,7
BRDA:118,8,0,4
BRDA:122,9,0,1
BRDA:153,10,0,1
BRDA:169,11,0,9
BRDA:185,12,0,0
BRDA:200,13,0,27
BRDA:200,14,0,69
BRDA:200,14,1,46
BRDA:211,15,0,5
BRDA:211,15,1,21
BRDA:211,16,0,26
BRDA:211,16,1,22
BRDA:220,17,0,0
BRDA:220,17,1,1
BRDA:220,18,0,1
BRDA:220,18,1,1
BRDA:239,19,0,6
BRF:28
BRH:25
end_of_record
TN:
SF:lib\SubscribableQueueItem.ts
FN:20,(anonymous_0)
FN:22,(anonymous_1)
FN:23,(anonymous_2)
FN:28,(anonymous_3)
FN:29,(anonymous_4)
FN:34,(anonymous_5)
FN:38,(anonymous_6)
FN:39,(anonymous_7)
FN:43,(anonymous_8)
FN:60,(anonymous_9)
FNF:10
FNH:10
FNDA:36,(anonymous_0)
FNDA:26,(anonymous_1)
FNDA:28,(anonymous_2)
FNDA:9,(anonymous_3)
FNDA:9,(anonymous_4)
FNDA:43,(anonymous_5)
FNDA:43,(anonymous_6)
FNDA:28,(anonymous_7)
FNDA:9,(anonymous_8)
FNDA:86,(anonymous_9)
DA:9,2
DA:10,36
DA:15,36
DA:20,36
DA:23,26
DA:24,28
DA:29,9
DA:30,9
DA:38,43
DA:39,43
DA:40,28
DA:43,43
DA:44,9
DA:49,43
DA:50,43
DA:52,43
DA:65,86
DA:67,43
DA:68,43
DA:71,43
DA:72,43
LF:21
LH:21
BRDA:34,0,0,38
BRDA:65,1,0,43
BRDA:65,1,1,43
BRF:3
BRH:3
end_of_record
TN:
SF:lib\index.ts
FN:2,(anonymous_0)
FNF:1
FNH:1
FNDA:44,(anonymous_0)
DA:1,1
DA:2,45
LF:2
LH:2
BRF:0
BRH:0
end_of_record
