TN:
SF:lib\PTask.ts
FN:57,(anonymous_1)
FN:53,(anonymous_2)
FN:54,(anonymous_3)
FN:62,(anonymous_4)
FN:63,(anonymous_5)
FN:64,(anonymous_6)
FN:65,(anonymous_7)
FN:68,(anonymous_8)
FN:73,(anonymous_9)
FN:80,(anonymous_10)
FN:86,(anonymous_11)
FN:92,(anonymous_12)
FNF:12
FNH:11
FNDA:20,(anonymous_1)
FNDA:9,(anonymous_2)
FNDA:0,(anonymous_3)
FNDA:3,(anonymous_4)
FNDA:1,(anonymous_5)
FNDA:3,(anonymous_6)
FNDA:17,(anonymous_7)
FNDA:21,(anonymous_8)
FNDA:6,(anonymous_9)
FNDA:1,(anonymous_10)
FNDA:3,(anonymous_11)
FNDA:2,(anonymous_12)
DA:1,1
DA:25,1
DA:26,1
DA:28,20
DA:36,20
DA:48,20
DA:50,20
DA:52,20
DA:53,9
DA:54,0
DA:58,20
DA:59,20
DA:60,20
DA:61,20
DA:62,20
DA:63,20
DA:64,20
DA:65,20
DA:69,21
DA:70,13
DA:74,6
DA:75,6
DA:76,6
DA:77,6
DA:81,1
DA:82,1
DA:83,1
DA:87,3
DA:88,3
DA:89,3
DA:93,2
DA:94,2
LF:32
LH:31
BRDA:59,0,0,20
BRDA:59,0,1,20
BRDA:62,1,0,20
BRDA:62,1,1,17
BRDA:63,2,0,20
BRDA:63,2,1,20
BRDA:64,3,0,20
BRDA:64,3,1,20
BRDA:65,4,0,20
BRDA:65,4,1,19
BRF:10
BRH:10
end_of_record
TN:
SF:lib\ProcessingPriorityQueue.ts
FN:28,(anonymous_1)
FN:31,(anonymous_2)
FN:45,(anonymous_3)
FN:55,(anonymous_4)
FN:62,(anonymous_5)
FN:68,(anonymous_6)
FN:72,(anonymous_7)
FN:81,(anonymous_8)
FN:88,(anonymous_9)
FN:89,(anonymous_10)
FN:95,(anonymous_11)
FN:96,(anonymous_12)
FN:106,(anonymous_13)
FN:119,(anonymous_14)
FN:128,(anonymous_15)
FN:132,(anonymous_16)
FN:140,(anonymous_17)
FN:152,(anonymous_18)
FN:161,(anonymous_19)
FN:163,(anonymous_20)
FN:169,(anonymous_21)
FN:175,(anonymous_22)
FN:178,(anonymous_23)
FN:187,(anonymous_24)
FN:190,(anonymous_25)
FN:193,(anonymous_26)
FN:196,(anonymous_27)
FN:205,(anonymous_28)
FNF:28
FNH:28
FNDA:2,(anonymous_1)
FNDA:17,(anonymous_2)
FNDA:21,(anonymous_3)
FNDA:19,(anonymous_4)
FNDA:21,(anonymous_5)
FNDA:21,(anonymous_6)
FNDA:2,(anonymous_7)
FNDA:14,(anonymous_8)
FNDA:2,(anonymous_9)
FNDA:5,(anonymous_10)
FNDA:3,(anonymous_11)
FNDA:1,(anonymous_12)
FNDA:1,(anonymous_13)
FNDA:9,(anonymous_14)
FNDA:6,(anonymous_15)
FNDA:14,(anonymous_16)
FNDA:2,(anonymous_17)
FNDA:10,(anonymous_18)
FNDA:1,(anonymous_19)
FNDA:5,(anonymous_20)
FNDA:5,(anonymous_21)
FNDA:1,(anonymous_22)
FNDA:34,(anonymous_23)
FNDA:13,(anonymous_24)
FNDA:1,(anonymous_25)
FNDA:14,(anonymous_26)
FNDA:13,(anonymous_27)
FNDA:34,(anonymous_28)
DA:1,2
DA:3,2
DA:8,2
DA:12,2
DA:24,2
DA:26,2
DA:28,2
DA:29,2
DA:31,2
DA:33,17
DA:37,17
DA:41,17
DA:46,21
DA:48,21
DA:49,19
DA:50,19
DA:51,19
DA:54,21
DA:55,21
DA:56,19
DA:59,21
DA:63,21
DA:69,21
DA:71,2
DA:73,2
DA:77,2
DA:78,2
DA:82,14
DA:83,14
DA:85,14
DA:89,2
DA:90,5
DA:91,2
DA:92,2
DA:96,3
DA:98,3
DA:99,1
DA:100,1
DA:103,3
DA:105,3
DA:106,1
DA:109,3
DA:110,1
DA:114,1
DA:115,1
DA:119,9
DA:121,2
DA:122,1
DA:123,1
DA:132,14
DA:133,0
DA:139,6
DA:140,2
DA:143,6
DA:144,1
DA:145,1
DA:151,5
DA:152,10
DA:155,5
DA:156,5
DA:157,5
DA:163,5
DA:166,1
DA:169,5
DA:172,1
DA:175,1
DA:179,34
DA:180,14
DA:182,14
DA:183,14
DA:185,14
DA:188,13
DA:191,1
DA:195,14
DA:196,13
DA:199,14
DA:200,14
DA:206,34
LF:78
LH:77
BRDA:28,0,0,2
BRDA:33,1,0,0
BRDA:33,1,1,17
BRDA:37,2,0,0
BRDA:37,2,1,17
BRDA:48,3,0,19
BRDA:64,4,0,21
BRDA:64,4,1,2
BRDA:69,5,0,19
BRDA:92,6,0,2
BRDA:98,7,0,1
BRDA:103,8,0,3
BRDA:109,9,0,1
BRDA:121,10,0,1
BRDA:132,11,0,0
BRDA:143,12,0,1
BRDA:155,13,0,5
BRDA:166,14,0,0
BRDA:179,15,0,14
BRDA:179,16,0,34
BRDA:179,16,1,25
BRF:21
BRH:17
end_of_record
TN:
SF:lib\index.ts
FN:2,(anonymous_0)
FNF:1
FNH:1
FNDA:21,(anonymous_0)
DA:1,1
DA:2,22
LF:2
LH:2
BRF:0
BRH:0
end_of_record
